<?xml version="1.0" encoding="UTF-8"?>
<coverage generated="1743575157">
  <project timestamp="1743575157">
    <package name="Net2Grid\GatewayService\BusinessLogic">
      <file name="/var/www/sites/gateway-service/src/GatewayService/BusinessLogic/BusinessException.php">
        <class name="Net2Grid\GatewayService\BusinessLogic\BusinessException" namespace="Net2Grid\GatewayService\BusinessLogic">
          <metrics complexity="1" methods="1" coveredmethods="1" conditionals="0" coveredconditionals="0" statements="1" coveredstatements="1" elements="2" coveredelements="2"/>
        </class>
        <line num="9" type="method" name="__construct" visibility="public" complexity="1" crap="1" count="12"/>
        <line num="12" type="stmt" count="12"/>
        <metrics loc="15" ncloc="15" classes="1" methods="1" coveredmethods="1" conditionals="0" coveredconditionals="0" statements="1" coveredstatements="1" elements="2" coveredelements="2"/>
      </file>
      <file name="/var/www/sites/gateway-service/src/GatewayService/BusinessLogic/DependencyException.php">
        <class name="Net2Grid\GatewayService\BusinessLogic\DependencyException" namespace="Net2Grid\GatewayService\BusinessLogic">
          <metrics complexity="0" methods="0" coveredmethods="0" conditionals="0" coveredconditionals="0" statements="0" coveredstatements="0" elements="0" coveredelements="0"/>
        </class>
        <metrics loc="10" ncloc="10" classes="0" methods="0" coveredmethods="0" conditionals="0" coveredconditionals="0" statements="0" coveredstatements="0" elements="0" coveredelements="0"/>
      </file>
      <file name="/var/www/sites/gateway-service/src/GatewayService/BusinessLogic/EUI64.php">
        <class name="Net2Grid\GatewayService\BusinessLogic\EUI64" namespace="Net2Grid\GatewayService\BusinessLogic">
          <metrics complexity="4" methods="3" coveredmethods="2" conditionals="0" coveredconditionals="0" statements="6" coveredstatements="4" elements="9" coveredelements="6"/>
        </class>
        <line num="20" type="method" name="__construct" visibility="public" complexity="2" crap="2.50" count="27"/>
        <line num="23" type="stmt" count="27"/>
        <line num="24" type="stmt" count="0"/>
        <line num="25" type="stmt" count="0"/>
        <line num="28" type="stmt" count="27"/>
        <line num="34" type="method" name="getValue" visibility="public" complexity="1" crap="1" count="24"/>
        <line num="36" type="stmt" count="24"/>
        <line num="39" type="method" name="convertBigintToHexEui64" visibility="public" complexity="1" crap="1" count="3"/>
        <line num="41" type="stmt" count="3"/>
        <metrics loc="44" ncloc="33" classes="1" methods="3" coveredmethods="2" conditionals="0" coveredconditionals="0" statements="6" coveredstatements="4" elements="9" coveredelements="6"/>
      </file>
      <file name="/var/www/sites/gateway-service/src/GatewayService/BusinessLogic/Encrypt.php">
        <class name="Net2Grid\GatewayService\BusinessLogic\Encrypt" namespace="Net2Grid\GatewayService\BusinessLogic">
          <metrics complexity="2" methods="2" coveredmethods="0" conditionals="0" coveredconditionals="0" statements="17" coveredstatements="0" elements="19" coveredelements="0"/>
        </class>
        <line num="16" type="method" name="encrypt" visibility="public" complexity="1" crap="2" count="0"/>
        <line num="18" type="stmt" count="0"/>
        <line num="19" type="stmt" count="0"/>
        <line num="20" type="stmt" count="0"/>
        <line num="21" type="stmt" count="0"/>
        <line num="22" type="stmt" count="0"/>
        <line num="23" type="stmt" count="0"/>
        <line num="24" type="stmt" count="0"/>
        <line num="25" type="stmt" count="0"/>
        <line num="27" type="stmt" count="0"/>
        <line num="35" type="method" name="decrypt" visibility="public" complexity="1" crap="2" count="0"/>
        <line num="37" type="stmt" count="0"/>
        <line num="38" type="stmt" count="0"/>
        <line num="39" type="stmt" count="0"/>
        <line num="41" type="stmt" count="0"/>
        <line num="42" type="stmt" count="0"/>
        <line num="43" type="stmt" count="0"/>
        <line num="44" type="stmt" count="0"/>
        <line num="45" type="stmt" count="0"/>
        <metrics loc="48" ncloc="38" classes="1" methods="2" coveredmethods="0" conditionals="0" coveredconditionals="0" statements="17" coveredstatements="0" elements="19" coveredelements="0"/>
      </file>
      <file name="/var/www/sites/gateway-service/src/GatewayService/BusinessLogic/GatewayOfflineException.php">
        <class name="Net2Grid\GatewayService\BusinessLogic\GatewayOfflineException" namespace="Net2Grid\GatewayService\BusinessLogic">
          <metrics complexity="0" methods="0" coveredmethods="0" conditionals="0" coveredconditionals="0" statements="0" coveredstatements="0" elements="0" coveredelements="0"/>
        </class>
        <metrics loc="9" ncloc="9" classes="0" methods="0" coveredmethods="0" conditionals="0" coveredconditionals="0" statements="0" coveredstatements="0" elements="0" coveredelements="0"/>
      </file>
      <file name="/var/www/sites/gateway-service/src/GatewayService/BusinessLogic/GatewayReplacementResetNotSent.php">
        <class name="Net2Grid\GatewayService\BusinessLogic\GatewayReplacementResetNotSent" namespace="Net2Grid\GatewayService\BusinessLogic">
          <metrics complexity="0" methods="0" coveredmethods="0" conditionals="0" coveredconditionals="0" statements="0" coveredstatements="0" elements="0" coveredelements="0"/>
        </class>
        <metrics loc="10" ncloc="10" classes="0" methods="0" coveredmethods="0" conditionals="0" coveredconditionals="0" statements="0" coveredstatements="0" elements="0" coveredelements="0"/>
      </file>
      <file name="/var/www/sites/gateway-service/src/GatewayService/BusinessLogic/HomeController.php">
        <class name="Net2Grid\GatewayService\BusinessLogic\HomeController" namespace="Net2Grid\GatewayService\BusinessLogic">
          <metrics complexity="1" methods="1" coveredmethods="0" conditionals="0" coveredconditionals="0" statements="5" coveredstatements="0" elements="6" coveredelements="0"/>
        </class>
        <line num="16" type="method" name="index" visibility="public" complexity="1" crap="2" count="0"/>
        <line num="18" type="stmt" count="0"/>
        <line num="19" type="stmt" count="0"/>
        <line num="21" type="stmt" count="0"/>
        <line num="23" type="stmt" count="0"/>
        <line num="25" type="stmt" count="0"/>
        <metrics loc="28" ncloc="23" classes="1" methods="1" coveredmethods="0" conditionals="0" coveredconditionals="0" statements="5" coveredstatements="0" elements="6" coveredelements="0"/>
      </file>
      <file name="/var/www/sites/gateway-service/src/GatewayService/BusinessLogic/InvalidArgumentException.php">
        <class name="Net2Grid\GatewayService\BusinessLogic\InvalidArgumentException" namespace="Net2Grid\GatewayService\BusinessLogic">
          <metrics complexity="0" methods="0" coveredmethods="0" conditionals="0" coveredconditionals="0" statements="0" coveredstatements="0" elements="0" coveredelements="0"/>
        </class>
        <metrics loc="8" ncloc="8" classes="0" methods="0" coveredmethods="0" conditionals="0" coveredconditionals="0" statements="0" coveredstatements="0" elements="0" coveredelements="0"/>
      </file>
      <file name="/var/www/sites/gateway-service/src/GatewayService/BusinessLogic/InvalidEUIException.php">
        <class name="Net2Grid\GatewayService\BusinessLogic\InvalidEUIException" namespace="Net2Grid\GatewayService\BusinessLogic">
          <metrics complexity="0" methods="0" coveredmethods="0" conditionals="0" coveredconditionals="0" statements="0" coveredstatements="0" elements="0" coveredelements="0"/>
        </class>
        <metrics loc="9" ncloc="9" classes="0" methods="0" coveredmethods="0" conditionals="0" coveredconditionals="0" statements="0" coveredstatements="0" elements="0" coveredelements="0"/>
      </file>
      <file name="/var/www/sites/gateway-service/src/GatewayService/BusinessLogic/InvalidResponseException.php">
        <class name="Net2Grid\GatewayService\BusinessLogic\InvalidResponseException" namespace="Net2Grid\GatewayService\BusinessLogic">
          <metrics complexity="0" methods="0" coveredmethods="0" conditionals="0" coveredconditionals="0" statements="0" coveredstatements="0" elements="0" coveredelements="0"/>
        </class>
        <metrics loc="9" ncloc="9" classes="0" methods="0" coveredmethods="0" conditionals="0" coveredconditionals="0" statements="0" coveredstatements="0" elements="0" coveredelements="0"/>
      </file>
      <file name="/var/www/sites/gateway-service/src/GatewayService/BusinessLogic/MacAddressNotFoundException.php">
        <class name="Net2Grid\GatewayService\BusinessLogic\MacAddressNotFoundException" namespace="Net2Grid\GatewayService\BusinessLogic">
          <metrics complexity="0" methods="0" coveredmethods="0" conditionals="0" coveredconditionals="0" statements="0" coveredstatements="0" elements="0" coveredelements="0"/>
        </class>
        <metrics loc="9" ncloc="9" classes="0" methods="0" coveredmethods="0" conditionals="0" coveredconditionals="0" statements="0" coveredstatements="0" elements="0" coveredelements="0"/>
      </file>
      <file name="/var/www/sites/gateway-service/src/GatewayService/BusinessLogic/OpticalReaderUtils.php">
        <class name="Net2Grid\GatewayService\BusinessLogic\OpticalReaderUtils" namespace="Net2Grid\GatewayService\BusinessLogic">
          <metrics complexity="3" methods="2" coveredmethods="1" conditionals="0" coveredconditionals="0" statements="13" coveredstatements="3" elements="15" coveredelements="4"/>
        </class>
        <line num="30" type="method" name="isOpticalReader" visibility="public" complexity="1" crap="1" count="3"/>
        <line num="32" type="stmt" count="3"/>
        <line num="33" type="stmt" count="3"/>
        <line num="35" type="stmt" count="3"/>
        <line num="43" type="method" name="isSBLR4912ModelIdentifier" visibility="public" complexity="2" crap="6" count="0"/>
        <line num="46" type="stmt" count="0"/>
        <line num="47" type="stmt" count="0"/>
        <line num="48" type="stmt" count="0"/>
        <line num="49" type="stmt" count="0"/>
        <line num="50" type="stmt" count="0"/>
        <line num="51" type="stmt" count="0"/>
        <line num="52" type="stmt" count="0"/>
        <line num="53" type="stmt" count="0"/>
        <line num="54" type="stmt" count="0"/>
        <line num="57" type="stmt" count="0"/>
        <metrics loc="60" ncloc="50" classes="1" methods="2" coveredmethods="1" conditionals="0" coveredconditionals="0" statements="13" coveredstatements="3" elements="15" coveredelements="4"/>
      </file>
      <file name="/var/www/sites/gateway-service/src/GatewayService/BusinessLogic/ReportModeRequestHandlingUtils.php">
        <class name="Net2Grid\GatewayService\BusinessLogic\ReportModeRequestHandlingUtils" namespace="Net2Grid\GatewayService\BusinessLogic">
          <metrics complexity="23" methods="8" coveredmethods="6" conditionals="0" coveredconditionals="0" statements="45" coveredstatements="31" elements="53" coveredelements="37"/>
        </class>
        <line num="28" type="method" name="__construct" visibility="public" complexity="1" crap="1" count="10"/>
        <line num="33" type="stmt" count="10"/>
        <line num="34" type="stmt" count="10"/>
        <line num="42" type="method" name="isRtOrAmrOrStatusReportModeRequest" visibility="public" complexity="4" crap="4" count="6"/>
        <line num="44" type="stmt" count="6"/>
        <line num="45" type="stmt" count="5"/>
        <line num="46" type="stmt" count="5"/>
        <line num="47" type="stmt" count="4"/>
        <line num="51" type="stmt" count="2"/>
        <line num="59" type="method" name="extractReportModeFromRequest" visibility="private" complexity="1" crap="1" count="9"/>
        <line num="61" type="stmt" count="9"/>
        <line num="63" type="stmt" count="9"/>
        <line num="71" type="method" name="isRealTimeOrAMRMode" visibility="private" complexity="4" crap="4" count="8"/>
        <line num="73" type="stmt" count="8"/>
        <line num="74" type="stmt" count="8"/>
        <line num="76" type="stmt" count="8"/>
        <line num="77" type="stmt" count="2"/>
        <line num="78" type="stmt" count="6"/>
        <line num="79" type="stmt" count="2"/>
        <line num="82" type="stmt" count="8"/>
        <line num="90" type="method" name="isStatusMode" visibility="private" complexity="2" crap="2" count="4"/>
        <line num="92" type="stmt" count="4"/>
        <line num="93" type="stmt" count="2"/>
        <line num="95" type="stmt" count="2"/>
        <line num="98" type="stmt" count="2"/>
        <line num="106" type="method" name="createOptInOrOutRequest" visibility="public" complexity="3" crap="3" count="4"/>
        <line num="108" type="stmt" count="4"/>
        <line num="109" type="stmt" count="4"/>
        <line num="110" type="stmt" count="4"/>
        <line num="111" type="stmt" count="2"/>
        <line num="113" type="stmt" count="2"/>
        <line num="115" type="stmt" count="2"/>
        <line num="116" type="stmt" count="1"/>
        <line num="118" type="stmt" count="1"/>
        <line num="120" type="stmt" count="1"/>
        <line num="121" type="stmt" count="1"/>
        <line num="123" type="stmt" count="1"/>
        <line num="132" type="method" name="isRtOrAmrOrStatusReportModeRequestSentToOpticalReader" visibility="public" complexity="4" crap="20" count="0"/>
        <line num="137" type="stmt" count="0"/>
        <line num="138" type="stmt" count="0"/>
        <line num="139" type="stmt" count="0"/>
        <line num="141" type="stmt" count="0"/>
        <line num="143" type="stmt" count="0"/>
        <line num="146" type="stmt" count="0"/>
        <line num="156" type="method" name="isUnsupportedClusterCommandErrorForRtAmrStatusReportModeRequest" visibility="public" complexity="4" crap="20" count="0"/>
        <line num="162" type="stmt" count="0"/>
        <line num="163" type="stmt" count="0"/>
        <line num="164" type="stmt" count="0"/>
        <line num="166" type="stmt" count="0"/>
        <line num="167" type="stmt" count="0"/>
        <line num="168" type="stmt" count="0"/>
        <line num="170" type="stmt" count="0"/>
        <line num="173" type="stmt" count="0"/>
        <metrics loc="176" ncloc="129" classes="1" methods="8" coveredmethods="6" conditionals="0" coveredconditionals="0" statements="45" coveredstatements="31" elements="53" coveredelements="37"/>
      </file>
      <file name="/var/www/sites/gateway-service/src/GatewayService/BusinessLogic/RequestNotSentException.php">
        <class name="Net2Grid\GatewayService\BusinessLogic\RequestNotSentException" namespace="Net2Grid\GatewayService\BusinessLogic">
          <metrics complexity="3" methods="3" coveredmethods="3" conditionals="0" coveredconditionals="0" statements="4" coveredstatements="4" elements="7" coveredelements="7"/>
        </class>
        <line num="11" type="method" name="__construct" visibility="public" complexity="1" crap="1" count="2"/>
        <line num="15" type="stmt" count="2"/>
        <line num="16" type="stmt" count="2"/>
        <line num="22" type="method" name="getZCLStatusCode" visibility="public" complexity="1" crap="1" count="2"/>
        <line num="24" type="stmt" count="2"/>
        <line num="30" type="method" name="isUnsupportedClusterCommandError" visibility="public" complexity="1" crap="1" count="2"/>
        <line num="32" type="stmt" count="2"/>
        <metrics loc="35" ncloc="29" classes="1" methods="3" coveredmethods="3" conditionals="0" coveredconditionals="0" statements="4" coveredstatements="4" elements="7" coveredelements="7"/>
      </file>
      <file name="/var/www/sites/gateway-service/src/GatewayService/BusinessLogic/SerialNumberNotFoundException.php">
        <class name="Net2Grid\GatewayService\BusinessLogic\SerialNumberNotFoundException" namespace="Net2Grid\GatewayService\BusinessLogic">
          <metrics complexity="0" methods="0" coveredmethods="0" conditionals="0" coveredconditionals="0" statements="0" coveredstatements="0" elements="0" coveredelements="0"/>
        </class>
        <metrics loc="8" ncloc="8" classes="0" methods="0" coveredmethods="0" conditionals="0" coveredconditionals="0" statements="0" coveredstatements="0" elements="0" coveredelements="0"/>
      </file>
      <file name="/var/www/sites/gateway-service/src/GatewayService/BusinessLogic/Utils.php">
        <class name="Net2Grid\GatewayService\BusinessLogic\Utils" namespace="Net2Grid\GatewayService\BusinessLogic">
          <metrics complexity="3" methods="2" coveredmethods="1" conditionals="0" coveredconditionals="0" statements="4" coveredstatements="1" elements="6" coveredelements="2"/>
        </class>
        <line num="12" type="method" name="getCurrentTimeMillis" visibility="public" complexity="1" crap="1" count="24"/>
        <line num="14" type="stmt" count="24"/>
        <line num="22" type="method" name="convertTimestampToMillis" visibility="public" complexity="2" crap="6" count="0"/>
        <line num="25" type="stmt" count="0"/>
        <line num="26" type="stmt" count="0"/>
        <line num="29" type="stmt" count="0"/>
        <metrics loc="32" ncloc="23" classes="1" methods="2" coveredmethods="1" conditionals="0" coveredconditionals="0" statements="4" coveredstatements="1" elements="6" coveredelements="2"/>
      </file>
    </package>
    <package name="Net2Grid\GatewayService\BusinessLogic\Connector">
      <file name="/var/www/sites/gateway-service/src/GatewayService/BusinessLogic/Connector/GatewayConnectionException.php">
        <class name="Net2Grid\GatewayService\BusinessLogic\Connector\GatewayConnectionException" namespace="Net2Grid\GatewayService\BusinessLogic\Connector">
          <metrics complexity="0" methods="0" coveredmethods="0" conditionals="0" coveredconditionals="0" statements="0" coveredstatements="0" elements="0" coveredelements="0"/>
        </class>
        <metrics loc="10" ncloc="10" classes="0" methods="0" coveredmethods="0" conditionals="0" coveredconditionals="0" statements="0" coveredstatements="0" elements="0" coveredelements="0"/>
      </file>
    </package>
    <file name="/var/www/sites/gateway-service/src/GatewayService/BusinessLogic/Connector/GatewayConnector.php">
      <metrics loc="15" ncloc="9" classes="0" methods="0" coveredmethods="0" conditionals="0" coveredconditionals="0" statements="0" coveredstatements="0" elements="0" coveredelements="0"/>
    </file>
    <package name="Net2Grid\GatewayService\BusinessLogic\KeySystem">
      <file name="/var/www/sites/gateway-service/src/GatewayService/BusinessLogic/KeySystem/GatewayKeyNotFound.php">
        <class name="Net2Grid\GatewayService\BusinessLogic\KeySystem\GatewayKeyNotFound" namespace="Net2Grid\GatewayService\BusinessLogic\KeySystem">
          <metrics complexity="0" methods="0" coveredmethods="0" conditionals="0" coveredconditionals="0" statements="0" coveredstatements="0" elements="0" coveredelements="0"/>
        </class>
        <metrics loc="10" ncloc="10" classes="0" methods="0" coveredmethods="0" conditionals="0" coveredconditionals="0" statements="0" coveredstatements="0" elements="0" coveredelements="0"/>
      </file>
      <file name="/var/www/sites/gateway-service/src/GatewayService/BusinessLogic/KeySystem/GatewayKeyRepositoryException.php">
        <class name="Net2Grid\GatewayService\BusinessLogic\KeySystem\GatewayKeyRepositoryException" namespace="Net2Grid\GatewayService\BusinessLogic\KeySystem">
          <metrics complexity="0" methods="0" coveredmethods="0" conditionals="0" coveredconditionals="0" statements="0" coveredstatements="0" elements="0" coveredelements="0"/>
        </class>
        <metrics loc="10" ncloc="10" classes="0" methods="0" coveredmethods="0" conditionals="0" coveredconditionals="0" statements="0" coveredstatements="0" elements="0" coveredelements="0"/>
      </file>
    </package>
    <file name="/var/www/sites/gateway-service/src/GatewayService/BusinessLogic/KeySystem/GatewayKeySystemRepository.php">
      <metrics loc="30" ncloc="13" classes="0" methods="0" coveredmethods="0" conditionals="0" coveredconditionals="0" statements="0" coveredstatements="0" elements="0" coveredelements="0"/>
    </file>
    <package name="Net2Grid\GatewayService\BusinessLogic\Processor">
      <file name="/var/www/sites/gateway-service/src/GatewayService/BusinessLogic/Processor/BlockingProcessor.php">
        <class name="Net2Grid\GatewayService\BusinessLogic\Processor\BlockingProcessor" namespace="Net2Grid\GatewayService\BusinessLogic\Processor">
          <metrics complexity="10" methods="3" coveredmethods="0" conditionals="0" coveredconditionals="0" statements="53" coveredstatements="0" elements="56" coveredelements="0"/>
        </class>
        <line num="56" type="method" name="__construct" visibility="public" complexity="1" crap="2" count="0"/>
        <line num="63" type="stmt" count="0"/>
        <line num="64" type="stmt" count="0"/>
        <line num="65" type="stmt" count="0"/>
        <line num="66" type="stmt" count="0"/>
        <line num="67" type="stmt" count="0"/>
        <line num="81" type="method" name="process" visibility="public" complexity="7" crap="56" count="0"/>
        <line num="82" type="stmt" count="0"/>
        <line num="83" type="stmt" count="0"/>
        <line num="84" type="stmt" count="0"/>
        <line num="87" type="stmt" count="0"/>
        <line num="89" type="stmt" count="0"/>
        <line num="90" type="stmt" count="0"/>
        <line num="91" type="stmt" count="0"/>
        <line num="92" type="stmt" count="0"/>
        <line num="93" type="stmt" count="0"/>
        <line num="94" type="stmt" count="0"/>
        <line num="96" type="stmt" count="0"/>
        <line num="98" type="stmt" count="0"/>
        <line num="101" type="stmt" count="0"/>
        <line num="102" type="stmt" count="0"/>
        <line num="103" type="stmt" count="0"/>
        <line num="104" type="stmt" count="0"/>
        <line num="105" type="stmt" count="0"/>
        <line num="106" type="stmt" count="0"/>
        <line num="109" type="stmt" count="0"/>
        <line num="110" type="stmt" count="0"/>
        <line num="111" type="stmt" count="0"/>
        <line num="112" type="stmt" count="0"/>
        <line num="114" type="stmt" count="0"/>
        <line num="117" type="stmt" count="0"/>
        <line num="118" type="stmt" count="0"/>
        <line num="122" type="stmt" count="0"/>
        <line num="123" type="stmt" count="0"/>
        <line num="124" type="stmt" count="0"/>
        <line num="125" type="stmt" count="0"/>
        <line num="126" type="stmt" count="0"/>
        <line num="127" type="stmt" count="0"/>
        <line num="128" type="stmt" count="0"/>
        <line num="129" type="stmt" count="0"/>
        <line num="130" type="stmt" count="0"/>
        <line num="131" type="stmt" count="0"/>
        <line num="132" type="stmt" count="0"/>
        <line num="133" type="stmt" count="0"/>
        <line num="136" type="stmt" count="0"/>
        <line num="137" type="stmt" count="0"/>
        <line num="138" type="stmt" count="0"/>
        <line num="139" type="stmt" count="0"/>
        <line num="140" type="stmt" count="0"/>
        <line num="142" type="stmt" count="0"/>
        <line num="143" type="stmt" count="0"/>
        <line num="144" type="stmt" count="0"/>
        <line num="148" type="stmt" count="0"/>
        <line num="157" type="method" name="sendOptInOrOutBlockingRequest" visibility="private" complexity="2" crap="6" count="0"/>
        <line num="158" type="stmt" count="0"/>
        <line num="160" type="stmt" count="0"/>
        <metrics loc="163" ncloc="122" classes="1" methods="3" coveredmethods="0" conditionals="0" coveredconditionals="0" statements="53" coveredstatements="0" elements="56" coveredelements="0"/>
      </file>
      <file name="/var/www/sites/gateway-service/src/GatewayService/BusinessLogic/Processor/NonBlockingProcessor.php">
        <class name="Net2Grid\GatewayService\BusinessLogic\Processor\NonBlockingProcessor" namespace="Net2Grid\GatewayService\BusinessLogic\Processor">
          <metrics complexity="2" methods="2" coveredmethods="0" conditionals="0" coveredconditionals="0" statements="2" coveredstatements="0" elements="4" coveredelements="0"/>
        </class>
        <line num="15" type="method" name="__construct" visibility="public" complexity="1" crap="2" count="0"/>
        <line num="17" type="stmt" count="0"/>
        <line num="23" type="method" name="process" visibility="public" complexity="1" crap="2" count="0"/>
        <line num="25" type="stmt" count="0"/>
        <metrics loc="28" ncloc="22" classes="1" methods="2" coveredmethods="0" conditionals="0" coveredconditionals="0" statements="2" coveredstatements="0" elements="4" coveredelements="0"/>
      </file>
    </package>
    <package name="Net2Grid\GatewayService\BusinessLogic\Request">
      <file name="/var/www/sites/gateway-service/src/GatewayService/BusinessLogic/Request/ArchivedRequest.php">
        <class name="Net2Grid\GatewayService\BusinessLogic\Request\ArchivedRequest" namespace="Net2Grid\GatewayService\BusinessLogic\Request">
          <metrics complexity="14" methods="14" coveredmethods="0" conditionals="0" coveredconditionals="0" statements="19" coveredstatements="0" elements="33" coveredelements="0"/>
        </class>
        <line num="52" type="method" name="__construct" visibility="public" complexity="1" crap="2" count="0"/>
        <line num="60" type="stmt" count="0"/>
        <line num="61" type="stmt" count="0"/>
        <line num="62" type="stmt" count="0"/>
        <line num="63" type="stmt" count="0"/>
        <line num="64" type="stmt" count="0"/>
        <line num="65" type="stmt" count="0"/>
        <line num="71" type="method" name="getEui64" visibility="public" complexity="1" crap="2" count="0"/>
        <line num="73" type="stmt" count="0"/>
        <line num="79" type="method" name="setEui64" visibility="public" complexity="1" crap="2" count="0"/>
        <line num="81" type="stmt" count="0"/>
        <line num="87" type="method" name="getCommandType" visibility="public" complexity="1" crap="2" count="0"/>
        <line num="89" type="stmt" count="0"/>
        <line num="95" type="method" name="setCommandType" visibility="public" complexity="1" crap="2" count="0"/>
        <line num="97" type="stmt" count="0"/>
        <line num="103" type="method" name="getErrorMessage" visibility="public" complexity="1" crap="2" count="0"/>
        <line num="105" type="stmt" count="0"/>
        <line num="111" type="method" name="setErrorMessage" visibility="public" complexity="1" crap="2" count="0"/>
        <line num="113" type="stmt" count="0"/>
        <line num="119" type="method" name="getRetries" visibility="public" complexity="1" crap="2" count="0"/>
        <line num="121" type="stmt" count="0"/>
        <line num="127" type="method" name="setRetries" visibility="public" complexity="1" crap="2" count="0"/>
        <line num="129" type="stmt" count="0"/>
        <line num="135" type="method" name="getStartTimestamp" visibility="public" complexity="1" crap="2" count="0"/>
        <line num="137" type="stmt" count="0"/>
        <line num="143" type="method" name="setStartTimestamp" visibility="public" complexity="1" crap="2" count="0"/>
        <line num="145" type="stmt" count="0"/>
        <line num="151" type="method" name="getLastFailedPayload" visibility="public" complexity="1" crap="2" count="0"/>
        <line num="153" type="stmt" count="0"/>
        <line num="159" type="method" name="setLastFailedPayload" visibility="public" complexity="1" crap="2" count="0"/>
        <line num="161" type="stmt" count="0"/>
        <line num="164" type="method" name="increaseRetries" visibility="public" complexity="1" crap="2" count="0"/>
        <line num="166" type="stmt" count="0"/>
        <metrics loc="169" ncloc="115" classes="1" methods="14" coveredmethods="0" conditionals="0" coveredconditionals="0" statements="19" coveredstatements="0" elements="33" coveredelements="0"/>
      </file>
      <file name="/var/www/sites/gateway-service/src/GatewayService/BusinessLogic/Request/AttributeDependencyDefinition.php">
        <class name="Net2Grid\GatewayService\BusinessLogic\Request\AttributeDependencyDefinition" namespace="Net2Grid\GatewayService\BusinessLogic\Request">
          <metrics complexity="7" methods="7" coveredmethods="0" conditionals="0" coveredconditionals="0" statements="9" coveredstatements="0" elements="16" coveredelements="0"/>
        </class>
        <line num="22" type="method" name="__construct" visibility="public" complexity="1" crap="2" count="0"/>
        <line num="24" type="stmt" count="0"/>
        <line num="25" type="stmt" count="0"/>
        <line num="26" type="stmt" count="0"/>
        <line num="32" type="method" name="getClusterId" visibility="public" complexity="1" crap="2" count="0"/>
        <line num="34" type="stmt" count="0"/>
        <line num="40" type="method" name="setClusterId" visibility="public" complexity="1" crap="2" count="0"/>
        <line num="42" type="stmt" count="0"/>
        <line num="48" type="method" name="getEndpointId" visibility="public" complexity="1" crap="2" count="0"/>
        <line num="50" type="stmt" count="0"/>
        <line num="56" type="method" name="setEndpointId" visibility="public" complexity="1" crap="2" count="0"/>
        <line num="58" type="stmt" count="0"/>
        <line num="64" type="method" name="getAttributeId" visibility="public" complexity="1" crap="2" count="0"/>
        <line num="66" type="stmt" count="0"/>
        <line num="72" type="method" name="setAttributeId" visibility="public" complexity="1" crap="2" count="0"/>
        <line num="74" type="stmt" count="0"/>
        <metrics loc="77" ncloc="50" classes="1" methods="7" coveredmethods="0" conditionals="0" coveredconditionals="0" statements="9" coveredstatements="0" elements="16" coveredelements="0"/>
      </file>
      <file name="/var/www/sites/gateway-service/src/GatewayService/BusinessLogic/Request/DependencyResolverService.php">
        <class name="Net2Grid\GatewayService\BusinessLogic\Request\DependencyResolverService" namespace="Net2Grid\GatewayService\BusinessLogic\Request">
          <metrics complexity="4" methods="2" coveredmethods="0" conditionals="0" coveredconditionals="0" statements="10" coveredstatements="0" elements="12" coveredelements="0"/>
        </class>
        <line num="19" type="method" name="__construct" visibility="public" complexity="1" crap="2" count="0"/>
        <line num="21" type="stmt" count="0"/>
        <line num="30" type="method" name="check" visibility="public" complexity="3" crap="12" count="0"/>
        <line num="32" type="stmt" count="0"/>
        <line num="33" type="stmt" count="0"/>
        <line num="34" type="stmt" count="0"/>
        <line num="35" type="stmt" count="0"/>
        <line num="36" type="stmt" count="0"/>
        <line num="37" type="stmt" count="0"/>
        <line num="38" type="stmt" count="0"/>
        <line num="39" type="stmt" count="0"/>
        <line num="40" type="stmt" count="0"/>
        <metrics loc="45" ncloc="31" classes="1" methods="2" coveredmethods="0" conditionals="0" coveredconditionals="0" statements="10" coveredstatements="0" elements="12" coveredelements="0"/>
      </file>
      <file name="/var/www/sites/gateway-service/src/GatewayService/BusinessLogic/Request/GatewayCommandStats.php">
        <class name="Net2Grid\GatewayService\BusinessLogic\Request\GatewayCommandStats" namespace="Net2Grid\GatewayService\BusinessLogic\Request">
          <metrics complexity="10" methods="10" coveredmethods="0" conditionals="0" coveredconditionals="0" statements="13" coveredstatements="0" elements="23" coveredelements="0"/>
        </class>
        <line num="41" type="method" name="__construct" visibility="public" complexity="1" crap="2" count="0"/>
        <line num="47" type="stmt" count="0"/>
        <line num="48" type="stmt" count="0"/>
        <line num="49" type="stmt" count="0"/>
        <line num="50" type="stmt" count="0"/>
        <line num="56" type="method" name="getEui64" visibility="public" complexity="1" crap="2" count="0"/>
        <line num="58" type="stmt" count="0"/>
        <line num="64" type="method" name="setEui64" visibility="public" complexity="1" crap="2" count="0"/>
        <line num="66" type="stmt" count="0"/>
        <line num="72" type="method" name="getCommandType" visibility="public" complexity="1" crap="2" count="0"/>
        <line num="74" type="stmt" count="0"/>
        <line num="80" type="method" name="setCommandType" visibility="public" complexity="1" crap="2" count="0"/>
        <line num="82" type="stmt" count="0"/>
        <line num="88" type="method" name="getIsObsolete" visibility="public" complexity="1" crap="2" count="0"/>
        <line num="90" type="stmt" count="0"/>
        <line num="96" type="method" name="setIsObsolete" visibility="public" complexity="1" crap="2" count="0"/>
        <line num="98" type="stmt" count="0"/>
        <line num="104" type="method" name="getObsoleteRetries" visibility="public" complexity="1" crap="2" count="0"/>
        <line num="106" type="stmt" count="0"/>
        <line num="112" type="method" name="setObsoleteRetries" visibility="public" complexity="1" crap="2" count="0"/>
        <line num="114" type="stmt" count="0"/>
        <line num="117" type="method" name="increaseRetries" visibility="public" complexity="1" crap="2" count="0"/>
        <line num="119" type="stmt" count="0"/>
        <metrics loc="122" ncloc="84" classes="1" methods="10" coveredmethods="0" conditionals="0" coveredconditionals="0" statements="13" coveredstatements="0" elements="23" coveredelements="0"/>
      </file>
      <file name="/var/www/sites/gateway-service/src/GatewayService/BusinessLogic/Request/GatewayNotFoundException.php">
        <class name="Net2Grid\GatewayService\BusinessLogic\Request\GatewayNotFoundException" namespace="Net2Grid\GatewayService\BusinessLogic\Request">
          <metrics complexity="0" methods="0" coveredmethods="0" conditionals="0" coveredconditionals="0" statements="0" coveredstatements="0" elements="0" coveredelements="0"/>
        </class>
        <metrics loc="11" ncloc="11" classes="0" methods="0" coveredmethods="0" conditionals="0" coveredconditionals="0" statements="0" coveredstatements="0" elements="0" coveredelements="0"/>
      </file>
      <file name="/var/www/sites/gateway-service/src/GatewayService/BusinessLogic/Request/GatewayRequest.php">
        <class name="Net2Grid\GatewayService\BusinessLogic\Request\GatewayRequest" namespace="Net2Grid\GatewayService\BusinessLogic\Request">
          <metrics complexity="47" methods="35" coveredmethods="11" conditionals="0" coveredconditionals="0" statements="74" coveredstatements="46" elements="109" coveredelements="57"/>
        </class>
        <line num="192" type="method" name="__construct" visibility="public" complexity="2" crap="2.01" count="24"/>
        <line num="194" type="stmt" count="24"/>
        <line num="195" type="stmt" count="24"/>
        <line num="196" type="stmt" count="24"/>
        <line num="197" type="stmt" count="24"/>
        <line num="199" type="stmt" count="24"/>
        <line num="200" type="stmt" count="0"/>
        <line num="202" type="stmt" count="24"/>
        <line num="209" type="method" name="setEncryptedPayload" visibility="private" complexity="1" crap="2" count="0"/>
        <line num="211" type="stmt" count="0"/>
        <line num="219" type="method" name="setPayload" visibility="private" complexity="1" crap="1" count="24"/>
        <line num="221" type="stmt" count="24"/>
        <line num="222" type="stmt" count="24"/>
        <line num="224" type="stmt" count="24"/>
        <line num="230" type="method" name="getPayloadDefinition" visibility="public" complexity="1" crap="1" count="24"/>
        <line num="232" type="stmt" count="24"/>
        <line num="244" type="method" name="getValidatedPayload" visibility="protected" complexity="8" crap="9.37" count="24"/>
        <line num="246" type="stmt" count="24"/>
        <line num="248" type="stmt" count="24"/>
        <line num="249" type="stmt" count="20"/>
        <line num="250" type="stmt" count="0"/>
        <line num="253" type="stmt" count="20"/>
        <line num="254" type="stmt" count="19"/>
        <line num="255" type="stmt" count="0"/>
        <line num="258" type="stmt" count="19"/>
        <line num="261" type="stmt" count="19"/>
        <line num="263" type="stmt" count="19"/>
        <line num="264" type="stmt" count="0"/>
        <line num="265" type="stmt" count="0"/>
        <line num="266" type="stmt" count="0"/>
        <line num="269" type="stmt" count="5"/>
        <line num="270" type="stmt" count="5"/>
        <line num="271" type="stmt" count="5"/>
        <line num="272" type="stmt" count="5"/>
        <line num="276" type="stmt" count="24"/>
        <line num="282" type="method" name="getId" visibility="public" complexity="1" crap="2" count="0"/>
        <line num="284" type="stmt" count="0"/>
        <line num="290" type="method" name="getEui64" visibility="public" complexity="1" crap="1" count="4"/>
        <line num="292" type="stmt" count="4"/>
        <line num="298" type="method" name="setEui64" visibility="public" complexity="1" crap="2" count="0"/>
        <line num="300" type="stmt" count="0"/>
        <line num="306" type="method" name="getTimestamp" visibility="public" complexity="1" crap="2" count="0"/>
        <line num="308" type="stmt" count="0"/>
        <line num="314" type="method" name="setTimestamp" visibility="public" complexity="1" crap="1" count="9"/>
        <line num="316" type="stmt" count="9"/>
        <line num="322" type="method" name="getRetries" visibility="public" complexity="1" crap="2" count="0"/>
        <line num="324" type="stmt" count="0"/>
        <line num="330" type="method" name="setRetries" visibility="public" complexity="1" crap="2" count="0"/>
        <line num="332" type="stmt" count="0"/>
        <line num="335" type="method" name="increaseRetries" visibility="public" complexity="1" crap="2" count="0"/>
        <line num="337" type="stmt" count="0"/>
        <line num="343" type="method" name="getCommandId" visibility="public" complexity="1" crap="1" count="2"/>
        <line num="345" type="stmt" count="2"/>
        <line num="351" type="method" name="setCommandId" visibility="public" complexity="1" crap="2" count="0"/>
        <line num="353" type="stmt" count="0"/>
        <line num="359" type="method" name="getClusterId" visibility="public" complexity="1" crap="1" count="1"/>
        <line num="361" type="stmt" count="1"/>
        <line num="367" type="method" name="setClusterId" visibility="public" complexity="1" crap="2" count="0"/>
        <line num="369" type="stmt" count="0"/>
        <line num="375" type="method" name="getProfileId" visibility="public" complexity="1" crap="1" count="1"/>
        <line num="377" type="stmt" count="1"/>
        <line num="383" type="method" name="setProfileId" visibility="public" complexity="1" crap="2" count="0"/>
        <line num="385" type="stmt" count="0"/>
        <line num="391" type="method" name="getEndpointId" visibility="public" complexity="1" crap="1" count="1"/>
        <line num="393" type="stmt" count="1"/>
        <line num="399" type="method" name="setEndpointId" visibility="public" complexity="1" crap="2" count="0"/>
        <line num="401" type="stmt" count="0"/>
        <line num="407" type="method" name="getPayload" visibility="public" complexity="1" crap="1" count="11"/>
        <line num="409" type="stmt" count="11"/>
        <line num="415" type="method" name="getOptions" visibility="public" complexity="1" crap="2" count="0"/>
        <line num="417" type="stmt" count="0"/>
        <line num="423" type="method" name="setOptions" visibility="public" complexity="1" crap="2" count="0"/>
        <line num="425" type="stmt" count="0"/>
        <line num="431" type="method" name="getDecryptedPayload" visibility="public" complexity="2" crap="2" count="1"/>
        <line num="433" type="stmt" count="1"/>
        <line num="434" type="stmt" count="1"/>
        <line num="436" type="stmt" count="1"/>
        <line num="437" type="stmt" count="1"/>
        <line num="439" type="stmt" count="1"/>
        <line num="440" type="stmt" count="1"/>
        <line num="443" type="stmt" count="1"/>
        <line num="452" type="method" name="getDecryptedValue" visibility="private" complexity="4" crap="4.02" count="1"/>
        <line num="454" type="stmt" count="1"/>
        <line num="455" type="stmt" count="1"/>
        <line num="456" type="stmt" count="1"/>
        <line num="457" type="stmt" count="0"/>
        <line num="460" type="stmt" count="1"/>
        <line num="461" type="stmt" count="1"/>
        <line num="462" type="stmt" count="1"/>
        <line num="465" type="stmt" count="1"/>
        <line num="468" type="stmt" count="1"/>
        <line num="474" type="method" name="getLastErrorMsg" visibility="public" complexity="1" crap="2" count="0"/>
        <line num="476" type="stmt" count="0"/>
        <line num="482" type="method" name="setLastErrorMsg" visibility="public" complexity="1" crap="2" count="0"/>
        <line num="484" type="stmt" count="0"/>
        <line num="498" type="method" name="getDependencies" visibility="public" complexity="1" crap="2" count="0"/>
        <line num="500" type="stmt" count="0"/>
        <line num="506" type="method" name="getType" visibility="public" complexity="1" crap="1" count="6"/>
        <line num="508" type="stmt" count="6"/>
        <line num="514" type="method" name="setType" visibility="public" complexity="1" crap="2" count="0"/>
        <line num="516" type="stmt" count="0"/>
        <line num="522" type="method" name="getLastRetryCount" visibility="public" complexity="1" crap="2" count="0"/>
        <line num="524" type="stmt" count="0"/>
        <line num="532" type="method" name="setLastRetryCount" visibility="public" complexity="1" crap="2" count="0"/>
        <line num="534" type="stmt" count="0"/>
        <line num="540" type="method" name="isContinuous" visibility="public" complexity="1" crap="2" count="0"/>
        <line num="542" type="stmt" count="0"/>
        <line num="548" type="method" name="setContinuous" visibility="public" complexity="1" crap="2" count="0"/>
        <line num="550" type="stmt" count="0"/>
        <metrics loc="553" ncloc="381" classes="1" methods="35" coveredmethods="11" conditionals="0" coveredconditionals="0" statements="74" coveredstatements="46" elements="109" coveredelements="57"/>
      </file>
      <file name="/var/www/sites/gateway-service/src/GatewayService/BusinessLogic/Request/GatewayService.php">
        <class name="Net2Grid\GatewayService\BusinessLogic\Request\GatewayService" namespace="Net2Grid\GatewayService\BusinessLogic\Request">
          <metrics complexity="51" methods="15" coveredmethods="0" conditionals="0" coveredconditionals="0" statements="212" coveredstatements="0" elements="227" coveredelements="0"/>
        </class>
        <line num="121" type="method" name="__construct" visibility="public" complexity="1" crap="2" count="0"/>
        <line num="138" type="stmt" count="0"/>
        <line num="139" type="stmt" count="0"/>
        <line num="140" type="stmt" count="0"/>
        <line num="141" type="stmt" count="0"/>
        <line num="142" type="stmt" count="0"/>
        <line num="143" type="stmt" count="0"/>
        <line num="144" type="stmt" count="0"/>
        <line num="145" type="stmt" count="0"/>
        <line num="146" type="stmt" count="0"/>
        <line num="147" type="stmt" count="0"/>
        <line num="148" type="stmt" count="0"/>
        <line num="149" type="stmt" count="0"/>
        <line num="150" type="stmt" count="0"/>
        <line num="151" type="stmt" count="0"/>
        <line num="152" type="stmt" count="0"/>
        <line num="160" type="method" name="processGatewayRequest" visibility="public" complexity="12" crap="156" count="0"/>
        <line num="162" type="stmt" count="0"/>
        <line num="164" type="stmt" count="0"/>
        <line num="165" type="stmt" count="0"/>
        <line num="167" type="stmt" count="0"/>
        <line num="169" type="stmt" count="0"/>
        <line num="170" type="stmt" count="0"/>
        <line num="171" type="stmt" count="0"/>
        <line num="173" type="stmt" count="0"/>
        <line num="176" type="stmt" count="0"/>
        <line num="179" type="stmt" count="0"/>
        <line num="180" type="stmt" count="0"/>
        <line num="181" type="stmt" count="0"/>
        <line num="182" type="stmt" count="0"/>
        <line num="183" type="stmt" count="0"/>
        <line num="184" type="stmt" count="0"/>
        <line num="185" type="stmt" count="0"/>
        <line num="187" type="stmt" count="0"/>
        <line num="190" type="stmt" count="0"/>
        <line num="195" type="stmt" count="0"/>
        <line num="196" type="stmt" count="0"/>
        <line num="197" type="stmt" count="0"/>
        <line num="198" type="stmt" count="0"/>
        <line num="199" type="stmt" count="0"/>
        <line num="200" type="stmt" count="0"/>
        <line num="202" type="stmt" count="0"/>
        <line num="203" type="stmt" count="0"/>
        <line num="204" type="stmt" count="0"/>
        <line num="206" type="stmt" count="0"/>
        <line num="207" type="stmt" count="0"/>
        <line num="208" type="stmt" count="0"/>
        <line num="209" type="stmt" count="0"/>
        <line num="210" type="stmt" count="0"/>
        <line num="211" type="stmt" count="0"/>
        <line num="212" type="stmt" count="0"/>
        <line num="213" type="stmt" count="0"/>
        <line num="214" type="stmt" count="0"/>
        <line num="217" type="stmt" count="0"/>
        <line num="218" type="stmt" count="0"/>
        <line num="219" type="stmt" count="0"/>
        <line num="220" type="stmt" count="0"/>
        <line num="222" type="stmt" count="0"/>
        <line num="225" type="stmt" count="0"/>
        <line num="226" type="stmt" count="0"/>
        <line num="227" type="stmt" count="0"/>
        <line num="229" type="stmt" count="0"/>
        <line num="230" type="stmt" count="0"/>
        <line num="232" type="stmt" count="0"/>
        <line num="233" type="stmt" count="0"/>
        <line num="234" type="stmt" count="0"/>
        <line num="236" type="stmt" count="0"/>
        <line num="240" type="stmt" count="0"/>
        <line num="241" type="stmt" count="0"/>
        <line num="242" type="stmt" count="0"/>
        <line num="243" type="stmt" count="0"/>
        <line num="244" type="stmt" count="0"/>
        <line num="246" type="stmt" count="0"/>
        <line num="248" type="stmt" count="0"/>
        <line num="251" type="stmt" count="0"/>
        <line num="252" type="stmt" count="0"/>
        <line num="253" type="stmt" count="0"/>
        <line num="254" type="stmt" count="0"/>
        <line num="255" type="stmt" count="0"/>
        <line num="256" type="stmt" count="0"/>
        <line num="259" type="stmt" count="0"/>
        <line num="260" type="stmt" count="0"/>
        <line num="262" type="stmt" count="0"/>
        <line num="271" type="method" name="storeGatewayRequest" visibility="public" complexity="4" crap="20" count="0"/>
        <line num="273" type="stmt" count="0"/>
        <line num="274" type="stmt" count="0"/>
        <line num="276" type="stmt" count="0"/>
        <line num="277" type="stmt" count="0"/>
        <line num="280" type="stmt" count="0"/>
        <line num="281" type="stmt" count="0"/>
        <line num="284" type="stmt" count="0"/>
        <line num="285" type="stmt" count="0"/>
        <line num="287" type="stmt" count="0"/>
        <line num="289" type="stmt" count="0"/>
        <line num="293" type="stmt" count="0"/>
        <line num="294" type="stmt" count="0"/>
        <line num="295" type="stmt" count="0"/>
        <line num="296" type="stmt" count="0"/>
        <line num="299" type="method" name="checkObsoleteGatewayRequest" visibility="private" complexity="3" crap="12" count="0"/>
        <line num="301" type="stmt" count="0"/>
        <line num="302" type="stmt" count="0"/>
        <line num="305" type="stmt" count="0"/>
        <line num="306" type="stmt" count="0"/>
        <line num="307" type="stmt" count="0"/>
        <line num="309" type="stmt" count="0"/>
        <line num="310" type="stmt" count="0"/>
        <line num="311" type="stmt" count="0"/>
        <line num="314" type="stmt" count="0"/>
        <line num="322" type="method" name="checkDependencies" visibility="public" complexity="3" crap="12" count="0"/>
        <line num="324" type="stmt" count="0"/>
        <line num="325" type="stmt" count="0"/>
        <line num="326" type="stmt" count="0"/>
        <line num="327" type="stmt" count="0"/>
        <line num="329" type="stmt" count="0"/>
        <line num="341" type="method" name="handleFailedRequest" visibility="private" complexity="5" crap="30" count="0"/>
        <line num="343" type="stmt" count="0"/>
        <line num="344" type="stmt" count="0"/>
        <line num="345" type="stmt" count="0"/>
        <line num="347" type="stmt" count="0"/>
        <line num="348" type="stmt" count="0"/>
        <line num="349" type="stmt" count="0"/>
        <line num="350" type="stmt" count="0"/>
        <line num="351" type="stmt" count="0"/>
        <line num="354" type="stmt" count="0"/>
        <line num="357" type="stmt" count="0"/>
        <line num="367" type="method" name="archiveGatewayRequest" visibility="private" complexity="2" crap="6" count="0"/>
        <line num="369" type="stmt" count="0"/>
        <line num="370" type="stmt" count="0"/>
        <line num="371" type="stmt" count="0"/>
        <line num="372" type="stmt" count="0"/>
        <line num="373" type="stmt" count="0"/>
        <line num="374" type="stmt" count="0"/>
        <line num="375" type="stmt" count="0"/>
        <line num="377" type="stmt" count="0"/>
        <line num="378" type="stmt" count="0"/>
        <line num="379" type="stmt" count="0"/>
        <line num="380" type="stmt" count="0"/>
        <line num="381" type="stmt" count="0"/>
        <line num="382" type="stmt" count="0"/>
        <line num="383" type="stmt" count="0"/>
        <line num="384" type="stmt" count="0"/>
        <line num="385" type="stmt" count="0"/>
        <line num="387" type="stmt" count="0"/>
        <line num="388" type="stmt" count="0"/>
        <line num="389" type="stmt" count="0"/>
        <line num="392" type="stmt" count="0"/>
        <line num="393" type="stmt" count="0"/>
        <line num="395" type="stmt" count="0"/>
        <line num="404" type="method" name="storeObsoleteGatewayRequest" visibility="private" complexity="2" crap="6" count="0"/>
        <line num="406" type="stmt" count="0"/>
        <line num="407" type="stmt" count="0"/>
        <line num="410" type="stmt" count="0"/>
        <line num="411" type="stmt" count="0"/>
        <line num="412" type="stmt" count="0"/>
        <line num="414" type="stmt" count="0"/>
        <line num="415" type="stmt" count="0"/>
        <line num="418" type="stmt" count="0"/>
        <line num="419" type="stmt" count="0"/>
        <line num="422" type="method" name="deleteStoredGatewayRequests" visibility="public" complexity="1" crap="2" count="0"/>
        <line num="424" type="stmt" count="0"/>
        <line num="432" type="method" name="publishStoredRequestsForEUI" visibility="public" complexity="1" crap="2" count="0"/>
        <line num="434" type="stmt" count="0"/>
        <line num="435" type="stmt" count="0"/>
        <line num="436" type="stmt" count="0"/>
        <line num="437" type="stmt" count="0"/>
        <line num="445" type="method" name="publishAllContinuousCommands" visibility="public" complexity="1" crap="2" count="0"/>
        <line num="447" type="stmt" count="0"/>
        <line num="448" type="stmt" count="0"/>
        <line num="449" type="stmt" count="0"/>
        <line num="462" type="method" name="publishFromGatewayRequestRepoToActiveRequests" visibility="public" complexity="3" crap="12" count="0"/>
        <line num="464" type="stmt" count="0"/>
        <line num="465" type="stmt" count="0"/>
        <line num="466" type="stmt" count="0"/>
        <line num="467" type="stmt" count="0"/>
        <line num="468" type="stmt" count="0"/>
        <line num="469" type="stmt" count="0"/>
        <line num="470" type="stmt" count="0"/>
        <line num="471" type="stmt" count="0"/>
        <line num="472" type="stmt" count="0"/>
        <line num="473" type="stmt" count="0"/>
        <line num="474" type="stmt" count="0"/>
        <line num="475" type="stmt" count="0"/>
        <line num="476" type="stmt" count="0"/>
        <line num="477" type="stmt" count="0"/>
        <line num="478" type="stmt" count="0"/>
        <line num="479" type="stmt" count="0"/>
        <line num="482" type="stmt" count="0"/>
        <line num="483" type="stmt" count="0"/>
        <line num="484" type="stmt" count="0"/>
        <line num="485" type="stmt" count="0"/>
        <line num="486" type="stmt" count="0"/>
        <line num="487" type="stmt" count="0"/>
        <line num="488" type="stmt" count="0"/>
        <line num="500" type="method" name="createGatewayRequest" visibility="public" complexity="9" crap="90" count="0"/>
        <line num="502" type="stmt" count="0"/>
        <line num="504" type="stmt" count="0"/>
        <line num="505" type="stmt" count="0"/>
        <line num="506" type="stmt" count="0"/>
        <line num="510" type="stmt" count="0"/>
        <line num="511" type="stmt" count="0"/>
        <line num="512" type="stmt" count="0"/>
        <line num="513" type="stmt" count="0"/>
        <line num="514" type="stmt" count="0"/>
        <line num="515" type="stmt" count="0"/>
        <line num="517" type="stmt" count="0"/>
        <line num="518" type="stmt" count="0"/>
        <line num="520" type="stmt" count="0"/>
        <line num="521" type="stmt" count="0"/>
        <line num="523" type="stmt" count="0"/>
        <line num="524" type="stmt" count="0"/>
        <line num="526" type="stmt" count="0"/>
        <line num="527" type="stmt" count="0"/>
        <line num="529" type="stmt" count="0"/>
        <line num="530" type="stmt" count="0"/>
        <line num="532" type="stmt" count="0"/>
        <line num="533" type="stmt" count="0"/>
        <line num="536" type="stmt" count="0"/>
        <line num="544" type="method" name="publishGatewayRequestToActiveRequests" visibility="private" complexity="2" crap="6" count="0"/>
        <line num="547" type="stmt" count="0"/>
        <line num="548" type="stmt" count="0"/>
        <line num="549" type="stmt" count="0"/>
        <line num="550" type="stmt" count="0"/>
        <line num="551" type="stmt" count="0"/>
        <line num="560" type="method" name="sendOptInOrOutRequestToActiveQueue" visibility="private" complexity="2" crap="6" count="0"/>
        <line num="562" type="stmt" count="0"/>
        <line num="563" type="stmt" count="0"/>
        <line num="564" type="stmt" count="0"/>
        <metrics loc="568" ncloc="429" classes="1" methods="15" coveredmethods="0" conditionals="0" coveredconditionals="0" statements="212" coveredstatements="0" elements="227" coveredelements="0"/>
      </file>
      <file name="/var/www/sites/gateway-service/src/GatewayService/BusinessLogic/Request/PayloadFieldDefinition.php">
        <class name="Net2Grid\GatewayService\BusinessLogic\Request\PayloadFieldDefinition" namespace="Net2Grid\GatewayService\BusinessLogic\Request">
          <metrics complexity="33" methods="16" coveredmethods="3" conditionals="0" coveredconditionals="0" statements="42" coveredstatements="19" elements="58" coveredelements="22"/>
        </class>
        <line num="55" type="method" name="__construct" visibility="public" complexity="3" crap="3.03" count="20"/>
        <line num="61" type="stmt" count="20"/>
        <line num="62" type="stmt" count="20"/>
        <line num="63" type="stmt" count="20"/>
        <line num="64" type="stmt" count="20"/>
        <line num="66" type="stmt" count="20"/>
        <line num="67" type="stmt" count="5"/>
        <line num="68" type="stmt" count="0"/>
        <line num="76" type="method" name="getSubFields" visibility="public" complexity="1" crap="1" count="5"/>
        <line num="78" type="stmt" count="5"/>
        <line num="84" type="method" name="hasSubFields" visibility="public" complexity="1" crap="1" count="19"/>
        <line num="86" type="stmt" count="19"/>
        <line num="92" type="method" name="setConvertToHex" visibility="public" complexity="1" crap="2" count="0"/>
        <line num="94" type="stmt" count="0"/>
        <line num="97" type="method" name="getAllowedValues" visibility="public" complexity="1" crap="2" count="0"/>
        <line num="99" type="stmt" count="0"/>
        <line num="102" type="method" name="setAllowedValues" visibility="public" complexity="1" crap="2" count="0"/>
        <line num="104" type="stmt" count="0"/>
        <line num="107" type="method" name="setTypeAsBoolean" visibility="public" complexity="1" crap="2" count="0"/>
        <line num="109" type="stmt" count="0"/>
        <line num="112" type="method" name="setTypeAsString" visibility="public" complexity="1" crap="2" count="0"/>
        <line num="114" type="stmt" count="0"/>
        <line num="117" type="method" name="setTypeAsInteger" visibility="public" complexity="1" crap="2" count="0"/>
        <line num="119" type="stmt" count="0"/>
        <line num="122" type="method" name="setTypeAsArray" visibility="public" complexity="1" crap="2" count="0"/>
        <line num="124" type="stmt" count="0"/>
        <line num="133" type="method" name="validateField" visibility="public" complexity="8" crap="12.63" count="19"/>
        <line num="135" type="stmt" count="19"/>
        <line num="136" type="stmt" count="0"/>
        <line num="139" type="stmt" count="19"/>
        <line num="140" type="stmt" count="0"/>
        <line num="143" type="stmt" count="19"/>
        <line num="145" type="stmt" count="19"/>
        <line num="146" type="stmt" count="0"/>
        <line num="149" type="stmt" count="19"/>
        <line num="150" type="stmt" count="0"/>
        <line num="153" type="stmt" count="19"/>
        <line num="154" type="stmt" count="0"/>
        <line num="157" type="stmt" count="19"/>
        <line num="163" type="method" name="isRequired" visibility="public" complexity="1" crap="1" count="19"/>
        <line num="165" type="stmt" count="19"/>
        <line num="173" type="method" name="validateLength" visibility="public" complexity="6" crap="26.83" count="19"/>
        <line num="175" type="stmt" count="19"/>
        <line num="176" type="stmt" count="0"/>
        <line num="177" type="stmt" count="0"/>
        <line num="178" type="stmt" count="0"/>
        <line num="179" type="stmt" count="0"/>
        <line num="181" type="stmt" count="0"/>
        <line num="190" type="method" name="validateAllowedValues" visibility="public" complexity="2" crap="6" count="0"/>
        <line num="192" type="stmt" count="0"/>
        <line num="193" type="stmt" count="0"/>
        <line num="202" type="method" name="validateTypeOfValue" visibility="public" complexity="2" crap="6" count="0"/>
        <line num="204" type="stmt" count="0"/>
        <line num="205" type="stmt" count="0"/>
        <line num="214" type="method" name="getDecryptedValue" visibility="public" complexity="2" crap="2.15" count="1"/>
        <line num="216" type="stmt" count="1"/>
        <line num="217" type="stmt" count="0"/>
        <line num="220" type="stmt" count="1"/>
        <metrics loc="223" ncloc="156" classes="1" methods="16" coveredmethods="3" conditionals="0" coveredconditionals="0" statements="42" coveredstatements="19" elements="58" coveredelements="22"/>
      </file>
      <file name="/var/www/sites/gateway-service/src/GatewayService/BusinessLogic/Request/RequestContext.php">
        <class name="Net2Grid\GatewayService\BusinessLogic\Request\RequestContext" namespace="Net2Grid\GatewayService\BusinessLogic\Request">
          <metrics complexity="9" methods="9" coveredmethods="0" conditionals="0" coveredconditionals="0" statements="12" coveredstatements="0" elements="21" coveredelements="0"/>
        </class>
        <line num="39" type="method" name="__construct" visibility="public" complexity="1" crap="2" count="0"/>
        <line num="46" type="stmt" count="0"/>
        <line num="47" type="stmt" count="0"/>
        <line num="48" type="stmt" count="0"/>
        <line num="49" type="stmt" count="0"/>
        <line num="55" type="method" name="getLogger" visibility="public" complexity="1" crap="2" count="0"/>
        <line num="57" type="stmt" count="0"/>
        <line num="63" type="method" name="getIphaRpc" visibility="public" complexity="1" crap="2" count="0"/>
        <line num="65" type="stmt" count="0"/>
        <line num="71" type="method" name="getGatewayKeySystemRepository" visibility="public" complexity="1" crap="2" count="0"/>
        <line num="73" type="stmt" count="0"/>
        <line num="79" type="method" name="getBackOfficeInterface" visibility="public" complexity="1" crap="2" count="0"/>
        <line num="81" type="stmt" count="0"/>
        <line num="87" type="method" name="setLogger" visibility="public" complexity="1" crap="2" count="0"/>
        <line num="89" type="stmt" count="0"/>
        <line num="95" type="method" name="setIphaRpc" visibility="public" complexity="1" crap="2" count="0"/>
        <line num="97" type="stmt" count="0"/>
        <line num="103" type="method" name="setGatewayKeySystemRepository" visibility="public" complexity="1" crap="2" count="0"/>
        <line num="105" type="stmt" count="0"/>
        <line num="111" type="method" name="setBackOfficeInterface" visibility="public" complexity="1" crap="2" count="0"/>
        <line num="113" type="stmt" count="0"/>
        <metrics loc="117" ncloc="75" classes="1" methods="9" coveredmethods="0" conditionals="0" coveredconditionals="0" statements="12" coveredstatements="0" elements="21" coveredelements="0"/>
      </file>
    </package>
    <file name="/var/www/sites/gateway-service/src/GatewayService/BusinessLogic/Request/ArchivedRequestRepository.php">
      <metrics loc="25" ncloc="13" classes="0" methods="0" coveredmethods="0" conditionals="0" coveredconditionals="0" statements="0" coveredstatements="0" elements="0" coveredelements="0"/>
    </file>
    <file name="/var/www/sites/gateway-service/src/GatewayService/BusinessLogic/Request/AttributeResolver.php">
      <metrics loc="17" ncloc="9" classes="0" methods="0" coveredmethods="0" conditionals="0" coveredconditionals="0" statements="0" coveredstatements="0" elements="0" coveredelements="0"/>
    </file>
    <file name="/var/www/sites/gateway-service/src/GatewayService/BusinessLogic/Request/DependencyDefinition.php">
      <metrics loc="8" ncloc="8" classes="0" methods="0" coveredmethods="0" conditionals="0" coveredconditionals="0" statements="0" coveredstatements="0" elements="0" coveredelements="0"/>
    </file>
    <file name="/var/www/sites/gateway-service/src/GatewayService/BusinessLogic/Request/GatewayCommandStatsRepository.php">
      <metrics loc="20" ncloc="11" classes="0" methods="0" coveredmethods="0" conditionals="0" coveredconditionals="0" statements="0" coveredstatements="0" elements="0" coveredelements="0"/>
    </file>
    <file name="/var/www/sites/gateway-service/src/GatewayService/BusinessLogic/Request/GatewayRequestRepository.php">
      <metrics loc="31" ncloc="19" classes="0" methods="0" coveredmethods="0" conditionals="0" coveredconditionals="0" statements="0" coveredstatements="0" elements="0" coveredelements="0"/>
    </file>
    <package name="Net2Grid\GatewayService\IO\API">
      <file name="/var/www/sites/gateway-service/src/GatewayService/IO/API/AirConditionThresholdsController.php">
        <class name="Net2Grid\GatewayService\IO\API\AirConditionThresholdsController" namespace="Net2Grid\GatewayService\IO\API">
          <metrics complexity="1" methods="1" coveredmethods="0" conditionals="0" coveredconditionals="0" statements="9" coveredstatements="0" elements="10" coveredelements="0"/>
        </class>
        <line num="22" type="method" name="postAirConditionThresholds" visibility="public" complexity="1" crap="2" count="0"/>
        <line num="23" type="stmt" count="0"/>
        <line num="24" type="stmt" count="0"/>
        <line num="25" type="stmt" count="0"/>
        <line num="26" type="stmt" count="0"/>
        <line num="27" type="stmt" count="0"/>
        <line num="106" type="stmt" count="0"/>
        <line num="107" type="stmt" count="0"/>
        <line num="108" type="stmt" count="0"/>
        <line num="113" type="stmt" count="0"/>
        <metrics loc="116" ncloc="109" classes="1" methods="1" coveredmethods="0" conditionals="0" coveredconditionals="0" statements="9" coveredstatements="0" elements="10" coveredelements="0"/>
      </file>
      <file name="/var/www/sites/gateway-service/src/GatewayService/IO/API/ApiDocsController.php">
        <class name="Net2Grid\GatewayService\IO\API\ApiDocsController" namespace="Net2Grid\GatewayService\IO\API">
          <metrics complexity="1" methods="1" coveredmethods="0" conditionals="0" coveredconditionals="0" statements="4" coveredstatements="0" elements="5" coveredelements="0"/>
        </class>
        <line num="11" type="method" name="getApiDocsAction" visibility="public" complexity="1" crap="2" count="0"/>
        <line num="18" type="stmt" count="0"/>
        <line num="20" type="stmt" count="0"/>
        <line num="21" type="stmt" count="0"/>
        <line num="23" type="stmt" count="0"/>
        <metrics loc="26" ncloc="26" classes="1" methods="1" coveredmethods="0" conditionals="0" coveredconditionals="0" statements="4" coveredstatements="0" elements="5" coveredelements="0"/>
      </file>
      <file name="/var/www/sites/gateway-service/src/GatewayService/IO/API/AssignController.php">
        <class name="Net2Grid\GatewayService\IO\API\AssignController" namespace="Net2Grid\GatewayService\IO\API">
          <metrics complexity="1" methods="1" coveredmethods="0" conditionals="0" coveredconditionals="0" statements="8" coveredstatements="0" elements="9" coveredelements="0"/>
        </class>
        <line num="20" type="method" name="postAssignGateway" visibility="public" complexity="1" crap="2" count="0"/>
        <line num="21" type="stmt" count="0"/>
        <line num="22" type="stmt" count="0"/>
        <line num="23" type="stmt" count="0"/>
        <line num="24" type="stmt" count="0"/>
        <line num="25" type="stmt" count="0"/>
        <line num="101" type="stmt" count="0"/>
        <line num="103" type="stmt" count="0"/>
        <line num="105" type="stmt" count="0"/>
        <metrics loc="108" ncloc="103" classes="1" methods="1" coveredmethods="0" conditionals="0" coveredconditionals="0" statements="8" coveredstatements="0" elements="9" coveredelements="0"/>
      </file>
      <file name="/var/www/sites/gateway-service/src/GatewayService/IO/API/BaseGatewayController.php">
        <class name="Net2Grid\GatewayService\IO\API\BaseGatewayController" namespace="Net2Grid\GatewayService\IO\API">
          <metrics complexity="3" methods="2" coveredmethods="1" conditionals="0" coveredconditionals="0" statements="19" coveredstatements="8" elements="21" coveredelements="9"/>
        </class>
        <line num="75" type="method" name="__construct" visibility="public" complexity="1" crap="1" count="10"/>
        <line num="85" type="stmt" count="10"/>
        <line num="86" type="stmt" count="10"/>
        <line num="87" type="stmt" count="10"/>
        <line num="88" type="stmt" count="10"/>
        <line num="89" type="stmt" count="10"/>
        <line num="90" type="stmt" count="10"/>
        <line num="91" type="stmt" count="10"/>
        <line num="92" type="stmt" count="10"/>
        <line num="101" type="method" name="processGatewayRequest" visibility="protected" complexity="2" crap="6" count="0"/>
        <line num="103" type="stmt" count="0"/>
        <line num="104" type="stmt" count="0"/>
        <line num="105" type="stmt" count="0"/>
        <line num="106" type="stmt" count="0"/>
        <line num="108" type="stmt" count="0"/>
        <line num="109" type="stmt" count="0"/>
        <line num="110" type="stmt" count="0"/>
        <line num="111" type="stmt" count="0"/>
        <line num="113" type="stmt" count="0"/>
        <line num="116" type="stmt" count="0"/>
        <line num="117" type="stmt" count="0"/>
        <metrics loc="120" ncloc="73" classes="1" methods="2" coveredmethods="1" conditionals="0" coveredconditionals="0" statements="19" coveredstatements="8" elements="21" coveredelements="9"/>
      </file>
      <file name="/var/www/sites/gateway-service/src/GatewayService/IO/API/ClearByEUIRequestController.php">
        <class name="Net2Grid\GatewayService\IO\API\ClearByEUIRequestController" namespace="Net2Grid\GatewayService\IO\API">
          <metrics complexity="1" methods="1" coveredmethods="0" conditionals="0" coveredconditionals="0" statements="10" coveredstatements="0" elements="11" coveredelements="0"/>
        </class>
        <line num="18" type="method" name="deleteRequestsForEUI" visibility="public" complexity="1" crap="2" count="0"/>
        <line num="19" type="stmt" count="0"/>
        <line num="20" type="stmt" count="0"/>
        <line num="21" type="stmt" count="0"/>
        <line num="22" type="stmt" count="0"/>
        <line num="23" type="stmt" count="0"/>
        <line num="88" type="stmt" count="0"/>
        <line num="89" type="stmt" count="0"/>
        <line num="90" type="stmt" count="0"/>
        <line num="91" type="stmt" count="0"/>
        <line num="93" type="stmt" count="0"/>
        <metrics loc="96" ncloc="91" classes="1" methods="1" coveredmethods="0" conditionals="0" coveredconditionals="0" statements="10" coveredstatements="0" elements="11" coveredelements="0"/>
      </file>
      <file name="/var/www/sites/gateway-service/src/GatewayService/IO/API/ClearByTypeRequestController.php">
        <class name="Net2Grid\GatewayService\IO\API\ClearByTypeRequestController" namespace="Net2Grid\GatewayService\IO\API">
          <metrics complexity="1" methods="1" coveredmethods="0" conditionals="0" coveredconditionals="0" statements="9" coveredstatements="0" elements="10" coveredelements="0"/>
        </class>
        <line num="16" type="method" name="deleteRequestsForEUI" visibility="public" complexity="1" crap="2" count="0"/>
        <line num="17" type="stmt" count="0"/>
        <line num="18" type="stmt" count="0"/>
        <line num="19" type="stmt" count="0"/>
        <line num="20" type="stmt" count="0"/>
        <line num="21" type="stmt" count="0"/>
        <line num="75" type="stmt" count="0"/>
        <line num="76" type="stmt" count="0"/>
        <line num="77" type="stmt" count="0"/>
        <line num="79" type="stmt" count="0"/>
        <metrics loc="82" ncloc="77" classes="1" methods="1" coveredmethods="0" conditionals="0" coveredconditionals="0" statements="9" coveredstatements="0" elements="10" coveredelements="0"/>
      </file>
      <file name="/var/www/sites/gateway-service/src/GatewayService/IO/API/ElectricVehicleEvTypeController.php">
        <class name="Net2Grid\GatewayService\IO\API\ElectricVehicleEvTypeController" namespace="Net2Grid\GatewayService\IO\API">
          <metrics complexity="1" methods="1" coveredmethods="0" conditionals="0" coveredconditionals="0" statements="10" coveredstatements="0" elements="11" coveredelements="0"/>
        </class>
        <line num="22" type="method" name="postElectricVehicleEvType" visibility="public" complexity="1" crap="2" count="0"/>
        <line num="23" type="stmt" count="0"/>
        <line num="24" type="stmt" count="0"/>
        <line num="25" type="stmt" count="0"/>
        <line num="26" type="stmt" count="0"/>
        <line num="27" type="stmt" count="0"/>
        <line num="105" type="stmt" count="0"/>
        <line num="106" type="stmt" count="0"/>
        <line num="107" type="stmt" count="0"/>
        <line num="109" type="stmt" count="0"/>
        <line num="111" type="stmt" count="0"/>
        <metrics loc="114" ncloc="109" classes="1" methods="1" coveredmethods="0" conditionals="0" coveredconditionals="0" statements="10" coveredstatements="0" elements="11" coveredelements="0"/>
      </file>
      <file name="/var/www/sites/gateway-service/src/GatewayService/IO/API/ElectricVehicleThresholdsController.php">
        <class name="Net2Grid\GatewayService\IO\API\ElectricVehicleThresholdsController" namespace="Net2Grid\GatewayService\IO\API">
          <metrics complexity="1" methods="1" coveredmethods="0" conditionals="0" coveredconditionals="0" statements="9" coveredstatements="0" elements="10" coveredelements="0"/>
        </class>
        <line num="22" type="method" name="postElectricVehicleThresholds" visibility="public" complexity="1" crap="2" count="0"/>
        <line num="23" type="stmt" count="0"/>
        <line num="24" type="stmt" count="0"/>
        <line num="25" type="stmt" count="0"/>
        <line num="26" type="stmt" count="0"/>
        <line num="27" type="stmt" count="0"/>
        <line num="105" type="stmt" count="0"/>
        <line num="106" type="stmt" count="0"/>
        <line num="107" type="stmt" count="0"/>
        <line num="109" type="stmt" count="0"/>
        <metrics loc="112" ncloc="107" classes="1" methods="1" coveredmethods="0" conditionals="0" coveredconditionals="0" statements="9" coveredstatements="0" elements="10" coveredelements="0"/>
      </file>
      <file name="/var/www/sites/gateway-service/src/GatewayService/IO/API/ExceptionSerializerHandler.php">
        <class name="Net2Grid\GatewayService\IO\API\ExceptionSerializerHandler" namespace="Net2Grid\GatewayService\IO\API">
          <metrics complexity="23" methods="13" coveredmethods="0" conditionals="0" coveredconditionals="0" statements="63" coveredstatements="0" elements="76" coveredelements="0"/>
        </class>
        <line num="23" type="method" name="getSubscribingMethods" visibility="public" complexity="1" crap="2" count="0"/>
        <line num="25" type="stmt" count="0"/>
        <line num="26" type="stmt" count="0"/>
        <line num="27" type="stmt" count="0"/>
        <line num="28" type="stmt" count="0"/>
        <line num="29" type="stmt" count="0"/>
        <line num="30" type="stmt" count="0"/>
        <line num="31" type="stmt" count="0"/>
        <line num="32" type="stmt" count="0"/>
        <line num="35" type="method" name="serializeExceptions" visibility="public" complexity="11" crap="132" count="0"/>
        <line num="41" type="stmt" count="0"/>
        <line num="42" type="stmt" count="0"/>
        <line num="45" type="stmt" count="0"/>
        <line num="46" type="stmt" count="0"/>
        <line num="47" type="stmt" count="0"/>
        <line num="48" type="stmt" count="0"/>
        <line num="49" type="stmt" count="0"/>
        <line num="50" type="stmt" count="0"/>
        <line num="51" type="stmt" count="0"/>
        <line num="52" type="stmt" count="0"/>
        <line num="53" type="stmt" count="0"/>
        <line num="54" type="stmt" count="0"/>
        <line num="55" type="stmt" count="0"/>
        <line num="56" type="stmt" count="0"/>
        <line num="57" type="stmt" count="0"/>
        <line num="58" type="stmt" count="0"/>
        <line num="59" type="stmt" count="0"/>
        <line num="60" type="stmt" count="0"/>
        <line num="61" type="stmt" count="0"/>
        <line num="62" type="stmt" count="0"/>
        <line num="64" type="stmt" count="0"/>
        <line num="68" type="method" name="serializedInvalidEUIException" visibility="public" complexity="1" crap="2" count="0"/>
        <line num="74" type="stmt" count="0"/>
        <line num="76" type="stmt" count="0"/>
        <line num="79" type="method" name="serializedRESTBusinessException" visibility="private" complexity="1" crap="2" count="0"/>
        <line num="85" type="stmt" count="0"/>
        <line num="86" type="stmt" count="0"/>
        <line num="87" type="stmt" count="0"/>
        <line num="88" type="stmt" count="0"/>
        <line num="89" type="stmt" count="0"/>
        <line num="90" type="stmt" count="0"/>
        <line num="91" type="stmt" count="0"/>
        <line num="92" type="stmt" count="0"/>
        <line num="95" type="method" name="serializedInvalidArgumentException" visibility="public" complexity="1" crap="2" count="0"/>
        <line num="101" type="stmt" count="0"/>
        <line num="103" type="stmt" count="0"/>
        <line num="106" type="method" name="serializedInvalidResponseException" visibility="public" complexity="1" crap="2" count="0"/>
        <line num="112" type="stmt" count="0"/>
        <line num="114" type="stmt" count="0"/>
        <line num="117" type="method" name="serializedRequestNotSentException" visibility="public" complexity="1" crap="2" count="0"/>
        <line num="123" type="stmt" count="0"/>
        <line num="125" type="stmt" count="0"/>
        <line num="128" type="method" name="serializedGatewayOfflineException" visibility="public" complexity="1" crap="2" count="0"/>
        <line num="134" type="stmt" count="0"/>
        <line num="136" type="stmt" count="0"/>
        <line num="139" type="method" name="serializedMacAddressNotFoundException" visibility="public" complexity="1" crap="2" count="0"/>
        <line num="145" type="stmt" count="0"/>
        <line num="147" type="stmt" count="0"/>
        <line num="150" type="method" name="serializedGatewayConnectionException" visibility="public" complexity="1" crap="2" count="0"/>
        <line num="156" type="stmt" count="0"/>
        <line num="158" type="stmt" count="0"/>
        <line num="161" type="method" name="serializedSerialNumberNotFoundException" visibility="public" complexity="1" crap="2" count="0"/>
        <line num="167" type="stmt" count="0"/>
        <line num="169" type="stmt" count="0"/>
        <line num="172" type="method" name="serializedGenericRESTException" visibility="public" complexity="1" crap="2" count="0"/>
        <line num="178" type="stmt" count="0"/>
        <line num="180" type="stmt" count="0"/>
        <line num="183" type="method" name="serializedGenericException" visibility="public" complexity="1" crap="2" count="0"/>
        <line num="189" type="stmt" count="0"/>
        <line num="190" type="stmt" count="0"/>
        <line num="191" type="stmt" count="0"/>
        <line num="192" type="stmt" count="0"/>
        <line num="193" type="stmt" count="0"/>
        <line num="194" type="stmt" count="0"/>
        <line num="195" type="stmt" count="0"/>
        <line num="196" type="stmt" count="0"/>
        <metrics loc="199" ncloc="199" classes="1" methods="13" coveredmethods="0" conditionals="0" coveredconditionals="0" statements="63" coveredstatements="0" elements="76" coveredelements="0"/>
      </file>
      <file name="/var/www/sites/gateway-service/src/GatewayService/IO/API/FirmwareController.php">
        <class name="Net2Grid\GatewayService\IO\API\FirmwareController" namespace="Net2Grid\GatewayService\IO\API">
[...]
          <metrics complexity="4" methods="4" coveredmethods="0" conditionals="0" coveredconditionals="0" statements="6" coveredstatements="0" elements="10" coveredelements="0"/>
        </class>
        <line num="23" type="method" name="__construct" visibility="public" complexity="1" crap="2" count="0"/>
        <line num="25" type="stmt" count="0"/>
        <line num="33" type="method" name="store" visibility="public" complexity="1" crap="2" count="0"/>
        <line num="35" type="stmt" count="0"/>
        <line num="41" type="method" name="entityManager" visibility="private" complexity="1" crap="2" count="0"/>
        <line num="43" type="stmt" count="0"/>
        <line num="49" type="method" name="findByEuiCommand" visibility="public" complexity="1" crap="2" count="0"/>
        <line num="51" type="stmt" count="0"/>
        <line num="53" type="stmt" count="0"/>
        <line num="55" type="stmt" count="0"/>
        <metrics loc="58" ncloc="38" classes="1" methods="4" coveredmethods="0" conditionals="0" coveredconditionals="0" statements="6" coveredstatements="0" elements="10" coveredelements="0"/>
      </file>
      <file name="/var/www/sites/gateway-service/src/GatewayService/IO/DB/DoctrineGatewayRequestRepository.php">
        <class name="Net2Grid\GatewayService\IO\DB\DoctrineGatewayRequestRepository" namespace="Net2Grid\GatewayService\IO\DB">
          <metrics complexity="14" methods="8" coveredmethods="0" conditionals="0" coveredconditionals="0" statements="23" coveredstatements="0" elements="31" coveredelements="0"/>
        </class>
        <line num="19" type="method" name="__construct" visibility="public" complexity="1" crap="2" count="0"/>
        <line num="21" type="stmt" count="0"/>
        <line num="29" type="method" name="store" visibility="public" complexity="1" crap="2" count="0"/>
        <line num="31" type="stmt" count="0"/>
        <line num="34" type="method" name="entityManager" visibility="private" complexity="1" crap="2" count="0"/>
        <line num="36" type="stmt" count="0"/>
        <line num="45" type="method" name="findAllByEUI" visibility="public" complexity="1" crap="2" count="0"/>
        <line num="47" type="stmt" count="0"/>
        <line num="49" type="stmt" count="0"/>
        <line num="51" type="stmt" count="0"/>
        <line num="59" type="method" name="findAllContinuousRequests" visibility="public" complexity="1" crap="2" count="0"/>
        <line num="61" type="stmt" count="0"/>
        <line num="69" type="method" name="delete" visibility="public" complexity="1" crap="2" count="0"/>
        <line num="71" type="stmt" count="0"/>
        <line num="82" type="method" name="deleteAllForEUIAndType" visibility="public" complexity="6" crap="42" count="0"/>
        <line num="84" type="stmt" count="0"/>
        <line num="85" type="stmt" count="0"/>
        <line num="88" type="stmt" count="0"/>
        <line num="89" type="stmt" count="0"/>
        <line num="92" type="stmt" count="0"/>
        <line num="93" type="stmt" count="0"/>
        <line num="96" type="stmt" count="0"/>
        <line num="98" type="stmt" count="0"/>
        <line num="100" type="stmt" count="0"/>
        <line num="101" type="stmt" count="0"/>
        <line num="105" type="method" name="findLastRecordForEUIAndType" visibility="public" complexity="2" crap="6" count="0"/>
        <line num="107" type="stmt" count="0"/>
        <line num="108" type="stmt" count="0"/>
        <line num="110" type="stmt" count="0"/>
        <line num="111" type="stmt" count="0"/>
        <line num="114" type="stmt" count="0"/>
        <metrics loc="117" ncloc="83" classes="1" methods="8" coveredmethods="0" conditionals="0" coveredconditionals="0" statements="23" coveredstatements="0" elements="31" coveredelements="0"/>
      </file>
    </package>
    <package name="Net2Grid\GatewayService\IO\KeySystem">
      <file name="/var/www/sites/gateway-service/src/GatewayService/IO/KeySystem/SecurityMaterialAdapter.php">
        <class name="Net2Grid\GatewayService\IO\KeySystem\SecurityMaterialAdapter" namespace="Net2Grid\GatewayService\IO\KeySystem">
          <metrics complexity="9" methods="5" coveredmethods="0" conditionals="0" coveredconditionals="0" statements="23" coveredstatements="0" elements="28" coveredelements="0"/>
        </class>
        <line num="34" type="method" name="__construct" visibility="public" complexity="1" crap="2" count="0"/>
        <line num="39" type="stmt" count="0"/>
        <line num="40" type="stmt" count="0"/>
        <line num="41" type="stmt" count="0"/>
        <line num="42" type="stmt" count="0"/>
        <line num="51" type="method" name="delete" visibility="public" complexity="4" crap="20" count="0"/>
        <line num="53" type="stmt" count="0"/>
        <line num="55" type="stmt" count="0"/>
        <line num="56" type="stmt" count="0"/>
        <line num="57" type="stmt" count="0"/>
        <line num="58" type="stmt" count="0"/>
        <line num="60" type="stmt" count="0"/>
        <line num="61" type="stmt" count="0"/>
        <line num="72" type="method" name="create" visibility="public" complexity="1" crap="2" count="0"/>
        <line num="74" type="stmt" count="0"/>
        <line num="84" type="method" name="update" visibility="public" complexity="1" crap="2" count="0"/>
        <line num="86" type="stmt" count="0"/>
        <line num="95" type="method" name="createOrUpdate" visibility="private" complexity="2" crap="6" count="0"/>
        <line num="97" type="stmt" count="0"/>
        <line num="98" type="stmt" count="0"/>
        <line num="99" type="stmt" count="0"/>
        <line num="100" type="stmt" count="0"/>
        <line num="101" type="stmt" count="0"/>
        <line num="104" type="stmt" count="0"/>
        <line num="105" type="stmt" count="0"/>
        <line num="106" type="stmt" count="0"/>
        <line num="107" type="stmt" count="0"/>
        <line num="108" type="stmt" count="0"/>
        <metrics loc="112" ncloc="74" classes="1" methods="5" coveredmethods="0" conditionals="0" coveredconditionals="0" statements="23" coveredstatements="0" elements="28" coveredelements="0"/>
      </file>
    </package>
    <package name="Net2Grid\GatewayService\IO\Messaging">
      <file name="/var/www/sites/gateway-service/src/GatewayService/IO/Messaging/ActiveQueueConsumer.php">
        <class name="Net2Grid\GatewayService\IO\Messaging\ActiveQueueConsumer" namespace="Net2Grid\GatewayService\IO\Messaging">
          <metrics complexity="2" methods="2" coveredmethods="0" conditionals="0" coveredconditionals="0" statements="5" coveredstatements="0" elements="7" coveredelements="0"/>
        </class>
        <line num="27" type="method" name="__construct" visibility="public" complexity="1" crap="2" count="0"/>
        <line num="31" type="stmt" count="0"/>
        <line num="32" type="stmt" count="0"/>
        <line num="39" type="method" name="consumeDecodedMessage" visibility="public" complexity="1" crap="2" count="0"/>
        <line num="41" type="stmt" count="0"/>
        <line num="42" type="stmt" count="0"/>
        <line num="43" type="stmt" count="0"/>
        <metrics loc="46" ncloc="30" classes="1" methods="2" coveredmethods="0" conditionals="0" coveredconditionals="0" statements="5" coveredstatements="0" elements="7" coveredelements="0"/>
      </file>
      <file name="/var/www/sites/gateway-service/src/GatewayService/IO/Messaging/DelayedQueueConsumer.php">
        <class name="Net2Grid\GatewayService\IO\Messaging\DelayedQueueConsumer" namespace="Net2Grid\GatewayService\IO\Messaging">
          <metrics complexity="2" methods="2" coveredmethods="0" conditionals="0" coveredconditionals="0" statements="7" coveredstatements="0" elements="9" coveredelements="0"/>
        </class>
        <line num="27" type="method" name="__construct" visibility="public" complexity="1" crap="2" count="0"/>
        <line num="31" type="stmt" count="0"/>
        <line num="32" type="stmt" count="0"/>
        <line num="38" type="method" name="consumeDecodedMessage" visibility="public" complexity="1" crap="2" count="0"/>
        <line num="40" type="stmt" count="0"/>
        <line num="42" type="stmt" count="0"/>
        <line num="44" type="stmt" count="0"/>
        <line num="45" type="stmt" count="0"/>
        <line num="46" type="stmt" count="0"/>
        <metrics loc="49" ncloc="34" classes="1" methods="2" coveredmethods="0" conditionals="0" coveredconditionals="0" statements="7" coveredstatements="0" elements="9" coveredelements="0"/>
      </file>
      <file name="/var/www/sites/gateway-service/src/GatewayService/IO/Messaging/DelayedQueueDecoder.php">
        <class name="Net2Grid\GatewayService\IO\Messaging\DelayedQueueDecoder" namespace="Net2Grid\GatewayService\IO\Messaging">
          <metrics complexity="1" methods="1" coveredmethods="0" conditionals="0" coveredconditionals="0" statements="3" coveredstatements="0" elements="4" coveredelements="0"/>
        </class>
        <line num="10" type="method" name="decode" visibility="public" complexity="1" crap="2" count="0"/>
        <line num="12" type="stmt" count="0"/>
        <line num="13" type="stmt" count="0"/>
        <line num="15" type="stmt" count="0"/>
        <metrics loc="18" ncloc="18" classes="1" methods="1" coveredmethods="0" conditionals="0" coveredconditionals="0" statements="3" coveredstatements="0" elements="4" coveredelements="0"/>
      </file>
      <file name="/var/www/sites/gateway-service/src/GatewayService/IO/Messaging/GatewayRequestDecoder.php">
        <class name="Net2Grid\GatewayService\IO\Messaging\GatewayRequestDecoder" namespace="Net2Grid\GatewayService\IO\Messaging">
          <metrics complexity="3" methods="2" coveredmethods="0" conditionals="0" coveredconditionals="0" statements="8" coveredstatements="0" elements="10" coveredelements="0"/>
        </class>
        <line num="27" type="method" name="__construct" visibility="public" complexity="1" crap="2" count="0"/>
        <line num="30" type="stmt" count="0"/>
        <line num="40" type="method" name="decode" visibility="public" complexity="2" crap="6" count="0"/>
        <line num="42" type="stmt" count="0"/>
        <line num="43" type="stmt" count="0"/>
        <line num="45" type="stmt" count="0"/>
        <line num="47" type="stmt" count="0"/>
        <line num="48" type="stmt" count="0"/>
        <line num="51" type="stmt" count="0"/>
        <line num="53" type="stmt" count="0"/>
        <metrics loc="56" ncloc="41" classes="1" methods="2" coveredmethods="0" conditionals="0" coveredconditionals="0" statements="8" coveredstatements="0" elements="10" coveredelements="0"/>
      </file>
      <file name="/var/www/sites/gateway-service/src/GatewayService/IO/Messaging/GatewayRequestEncoder.php">
        <class name="Net2Grid\GatewayService\IO\Messaging\GatewayRequestEncoder" namespace="Net2Grid\GatewayService\IO\Messaging">
          <metrics complexity="2" methods="1" coveredmethods="0" conditionals="0" coveredconditionals="0" statements="17" coveredstatements="0" elements="18" coveredelements="0"/>
        </class>
        <line num="19" type="method" name="encode" visibility="public" complexity="2" crap="6" count="0"/>
        <line num="22" type="stmt" count="0"/>
        <line num="23" type="stmt" count="0"/>
        <line num="26" type="stmt" count="0"/>
        <line num="27" type="stmt" count="0"/>
        <line num="28" type="stmt" count="0"/>
        <line num="29" type="stmt" count="0"/>
        <line num="30" type="stmt" count="0"/>
        <line num="31" type="stmt" count="0"/>
        <line num="32" type="stmt" count="0"/>
        <line num="33" type="stmt" count="0"/>
        <line num="34" type="stmt" count="0"/>
        <line num="35" type="stmt" count="0"/>
        <line num="36" type="stmt" count="0"/>
        <line num="37" type="stmt" count="0"/>
        <line num="38" type="stmt" count="0"/>
        <line num="39" type="stmt" count="0"/>
        <line num="41" type="stmt" count="0"/>
        <metrics loc="44" ncloc="38" classes="1" methods="1" coveredmethods="0" conditionals="0" coveredconditionals="0" statements="17" coveredstatements="0" elements="18" coveredelements="0"/>
      </file>
    </package>
    <package name="Net2Grid\GatewayService\IO\VictoriaMetrics">
      <file name="/var/www/sites/gateway-service/src/GatewayService/IO/VictoriaMetrics/VictoriaMetricsUtils.php">
        <class name="Net2Grid\GatewayService\IO\VictoriaMetrics\VictoriaMetricsUtils" namespace="Net2Grid\GatewayService\IO\VictoriaMetrics">
          <metrics complexity="22" methods="11" coveredmethods="0" conditionals="0" coveredconditionals="0" statements="98" coveredstatements="0" elements="109" coveredelements="0"/>
        </class>
        <line num="39" type="method" name="__construct" visibility="public" complexity="1" crap="2" count="0"/>
        <line num="44" type="stmt" count="0"/>
        <line num="45" type="stmt" count="0"/>
        <line num="54" type="method" name="postRequestsMetric" visibility="public" complexity="3" crap="12" count="0"/>
        <line num="56" type="stmt" count="0"/>
        <line num="57" type="stmt" count="0"/>
        <line num="60" type="stmt" count="0"/>
        <line num="61" type="stmt" count="0"/>
        <line num="62" type="stmt" count="0"/>
        <line num="63" type="stmt" count="0"/>
        <line num="64" type="stmt" count="0"/>
        <line num="65" type="stmt" count="0"/>
        <line num="66" type="stmt" count="0"/>
        <line num="68" type="stmt" count="0"/>
        <line num="77" type="method" name="postRequestsDelayedMetric" visibility="public" complexity="2" crap="6" count="0"/>
        <line num="79" type="stmt" count="0"/>
        <line num="80" type="stmt" count="0"/>
        <line num="83" type="stmt" count="0"/>
        <line num="84" type="stmt" count="0"/>
        <line num="85" type="stmt" count="0"/>
        <line num="86" type="stmt" count="0"/>
        <line num="87" type="stmt" count="0"/>
        <line num="88" type="stmt" count="0"/>
        <line num="89" type="stmt" count="0"/>
        <line num="91" type="stmt" count="0"/>
        <line num="100" type="method" name="postRequestsArchivedMetric" visibility="public" complexity="2" crap="6" count="0"/>
        <line num="102" type="stmt" count="0"/>
        <line num="103" type="stmt" count="0"/>
        <line num="106" type="stmt" count="0"/>
        <line num="107" type="stmt" count="0"/>
        <line num="108" type="stmt" count="0"/>
        <line num="109" type="stmt" count="0"/>
        <line num="110" type="stmt" count="0"/>
        <line num="111" type="stmt" count="0"/>
        <line num="112" type="stmt" count="0"/>
        <line num="114" type="stmt" count="0"/>
        <line num="123" type="method" name="postRequestsObsoleteMetric" visibility="public" complexity="2" crap="6" count="0"/>
        <line num="125" type="stmt" count="0"/>
        <line num="126" type="stmt" count="0"/>
        <line num="129" type="stmt" count="0"/>
        <line num="130" type="stmt" count="0"/>
        <line num="131" type="stmt" count="0"/>
        <line num="132" type="stmt" count="0"/>
        <line num="133" type="stmt" count="0"/>
        <line num="134" type="stmt" count="0"/>
        <line num="135" type="stmt" count="0"/>
        <line num="137" type="stmt" count="0"/>
        <line num="145" type="method" name="postBlockingSuccessfulRequest" visibility="public" complexity="2" crap="6" count="0"/>
        <line num="147" type="stmt" count="0"/>
        <line num="148" type="stmt" count="0"/>
        <line num="151" type="stmt" count="0"/>
        <line num="152" type="stmt" count="0"/>
        <line num="153" type="stmt" count="0"/>
        <line num="154" type="stmt" count="0"/>
        <line num="155" type="stmt" count="0"/>
        <line num="156" type="stmt" count="0"/>
        <line num="158" type="stmt" count="0"/>
        <line num="167" type="method" name="postBlockingSuccessfulRequestDuration" visibility="public" complexity="2" crap="6" count="0"/>
        <line num="169" type="stmt" count="0"/>
        <line num="170" type="stmt" count="0"/>
        <line num="173" type="stmt" count="0"/>
        <line num="174" type="stmt" count="0"/>
        <line num="175" type="stmt" count="0"/>
        <line num="176" type="stmt" count="0"/>
        <line num="177" type="stmt" count="0"/>
        <line num="178" type="stmt" count="0"/>
        <line num="180" type="stmt" count="0"/>
        <line num="189" type="method" name="postBlockingFailedRequest" visibility="public" complexity="2" crap="6" count="0"/>
        <line num="191" type="stmt" count="0"/>
        <line num="192" type="stmt" count="0"/>
        <line num="195" type="stmt" count="0"/>
        <line num="196" type="stmt" count="0"/>
        <line num="197" type="stmt" count="0"/>
        <line num="198" type="stmt" count="0"/>
        <line num="199" type="stmt" count="0"/>
        <line num="200" type="stmt" count="0"/>
        <line num="201" type="stmt" count="0"/>
        <line num="203" type="stmt" count="0"/>
        <line num="213" type="method" name="postBlockingFailedRequestDuration" visibility="public" complexity="2" crap="6" count="0"/>
        <line num="215" type="stmt" count="0"/>
        <line num="216" type="stmt" count="0"/>
        <line num="219" type="stmt" count="0"/>
        <line num="220" type="stmt" count="0"/>
        <line num="221" type="stmt" count="0"/>
        <line num="222" type="stmt" count="0"/>
        <line num="223" type="stmt" count="0"/>
        <line num="224" type="stmt" count="0"/>
        <line num="225" type="stmt" count="0"/>
        <line num="227" type="stmt" count="0"/>
        <line num="236" type="method" name="postNonBlockingSuccessfulRequestRetryCount" visibility="public" complexity="2" crap="6" count="0"/>
        <line num="238" type="stmt" count="0"/>
        <line num="239" type="stmt" count="0"/>
        <line num="242" type="stmt" count="0"/>
        <line num="243" type="stmt" count="0"/>
        <line num="244" type="stmt" count="0"/>
        <line num="245" type="stmt" count="0"/>
        <line num="246" type="stmt" count="0"/>
        <line num="247" type="stmt" count="0"/>
        <line num="249" type="stmt" count="0"/>
        <line num="258" type="method" name="postNonBlockingSuccessfulRequestElapsedTime" visibility="public" complexity="2" crap="6" count="0"/>
        <line num="260" type="stmt" count="0"/>
        <line num="261" type="stmt" count="0"/>
        <line num="264" type="stmt" count="0"/>
        <line num="265" type="stmt" count="0"/>
        <line num="266" type="stmt" count="0"/>
        <line num="267" type="stmt" count="0"/>
        <line num="268" type="stmt" count="0"/>
        <line num="269" type="stmt" count="0"/>
        <line num="271" type="stmt" count="0"/>
        <metrics loc="274" ncloc="204" classes="1" methods="11" coveredmethods="0" conditionals="0" coveredconditionals="0" statements="98" coveredstatements="0" elements="109" coveredelements="0"/>
      </file>
    </package>
    <package name="App">
      <file name="/var/www/sites/gateway-service/src/Kernel.php">
        <class name="App\Kernel" namespace="App">
          <metrics complexity="0" methods="0" coveredmethods="0" conditionals="0" coveredconditionals="0" statements="0" coveredstatements="0" elements="0" coveredelements="0"/>
        </class>
        <metrics loc="12" ncloc="12" classes="0" methods="0" coveredmethods="0" conditionals="0" coveredconditionals="0" statements="0" coveredstatements="0" elements="0" coveredelements="0"/>
      </file>
    </package>
    <metrics files="180" loc="16924" ncloc="12841" classes="157" methods="749" coveredmethods="118" conditionals="0" coveredconditionals="0" statements="3219" coveredstatements="485" elements="3968" coveredelements="603"/>
  </project>
</coverage>
